app/build/outputs/logs/manifest-merger-debug-report.txt
-- Merging decision tree log ---
manifest
ADDED from src\main\AndroidManifest.xml:2:1-101:12
	package
		ADDED from src\main\AndroidManifest.xml:3:5-31
		INJECTED from src\main\AndroidManifest.xml
		INJECTED from src\main\AndroidManifest.xml
	android:versionName
		ADDED from src\main\AndroidManifest.xml:5:5-30
	android:versionCode
		ADDED from src\main\AndroidManifest.xml:4:5-28
		INJECTED from src\main\AndroidManifest.xml
		INJECTED from src\main\AndroidManifest.xml
	xmlns:android
		ADDED from src\main\AndroidManifest.xml:2:11-69
uses-sdk
ADDED from src\main\AndroidManifest.xml:7:5-9:41
MERGED from [com.android.support:support-v4:22.2.1] AndroidManifest.xml:20:5-43
MERGED from [com.android.support:appcompat-v7:22.2.1] AndroidManifest.xml:20:5-43
MERGED from [com.android.support:support-v4:22.2.1] AndroidManifest.xml:20:5-43
	android:targetSdkVersion
		ADDED from src\main\AndroidManifest.xml:9:9-38
		INJECTED from src\main\AndroidManifest.xml
		INJECTED from src\main\AndroidManifest.xml
	android:minSdkVersion
		ADDED from src\main\AndroidManifest.xml:8:9-34
		INJECTED from src\main\AndroidManifest.xml
		INJECTED from src\main\AndroidManifest.xml
application
ADDED from src\main\AndroidManifest.xml:11:5-90:19
MERGED from [com.android.support:support-v4:22.2.1] AndroidManifest.xml:22:5-20
MERGED from [com.android.support:appcompat-v7:22.2.1] AndroidManifest.xml:22:5-20
MERGED from [com.android.support:support-v4:22.2.1] AndroidManifest.xml:22:5-20
	android:label
		ADDED from src\main\AndroidManifest.xml:14:9-41
	android:allowBackup
		ADDED from src\main\AndroidManifest.xml:12:9-35
	android:icon
		ADDED from src\main\AndroidManifest.xml:13:9-45
	android:theme
		ADDED from src\main\AndroidManifest.xml:15:9-40
activity#com.example.mime.TabMain
ADDED from src\main\AndroidManifest.xml:16:9-26:20
	android:screenOrientation
		ADDED from src\main\AndroidManifest.xml:20:13-49
	android:label
		ADDED from src\main\AndroidManifest.xml:18:13-45
	android:windowSoftInputMode
		ADDED from src\main\AndroidManifest.xml:19:13-52
	android:name
		ADDED from src\main\AndroidManifest.xml:17:13-36
intent-filter#android.intent.action.MAIN+android.intent.category.LAUNCHER
ADDED from src\main\AndroidManifest.xml:21:13-25:29
action#android.intent.action.MAIN
ADDED from src\main\AndroidManifest.xml:22:17-69
	android:name
		ADDED from src\main\AndroidManifest.xml:22:25-66
category#android.intent.category.LAUNCHER
ADDED from src\main\AndroidManifest.xml:24:17-77
	android:name
		ADDED from src\main\AndroidManifest.xml:24:27-74
activity#com.example.mime.Tab_Notice
ADDED from src\main\AndroidManifest.xml:27:9-33:20
	android:clearTaskOnLaunch
		ADDED from src\main\AndroidManifest.xml:29:13-45
	android:screenOrientation
		ADDED from src\main\AndroidManifest.xml:31:13-49
	android:launchMode
		ADDED from src\main\AndroidManifest.xml:30:13-44
	android:windowSoftInputMode
		ADDED from src\main\AndroidManifest.xml:32:13-52
	android:name
		ADDED from src\main\AndroidManifest.xml:28:13-39
activity#com.example.mime.Tab_Dm
ADDED from src\main\AndroidManifest.xml:34:9-40:20
	android:clearTaskOnLaunch
		ADDED from src\main\AndroidManifest.xml:36:13-45
	android:screenOrientation
		ADDED from src\main\AndroidManifest.xml:38:13-49
	android:launchMode
		ADDED from src\main\AndroidManifest.xml:37:13-44
	android:windowSoftInputMode
		ADDED from src\main\AndroidManifest.xml:39:13-52
	android:name
		ADDED from src\main\AndroidManifest.xml:35:13-35
activity#com.example.mime.Tab_MakeGif
ADDED from src\main\AndroidManifest.xml:41:9-47:20
	android:clearTaskOnLaunch
		ADDED from src\main\AndroidManifest.xml:43:13-45
	android:screenOrientation
		ADDED from src\main\AndroidManifest.xml:45:13-49
	android:launchMode
		ADDED from src\main\AndroidManifest.xml:44:13-44
	android:windowSoftInputMode
		ADDED from src\main\AndroidManifest.xml:46:13-52
	android:name
		ADDED from src\main\AndroidManifest.xml:42:13-40
activity#com.example.mime.Tab_MyPage
ADDED from src\main\AndroidManifest.xml:48:9-54:20
	android:clearTaskOnLaunch
		ADDED from src\main\AndroidManifest.xml:50:13-45
	android:screenOrientation
		ADDED from src\main\AndroidManifest.xml:52:13-49
	android:launchMode
		ADDED from src\main\AndroidManifest.xml:51:13-44
	android:windowSoftInputMode
		ADDED from src\main\AndroidManifest.xml:53:13-52
	android:name
		ADDED from src\main\AndroidManifest.xml:49:13-39
activity#com.example.mime.Tab_Timeline
ADDED from src\main\AndroidManifest.xml:55:9-61:20
	android:clearTaskOnLaunch
		ADDED from src\main\AndroidManifest.xml:57:13-45
	android:screenOrientation
		ADDED from src\main\AndroidManifest.xml:59:13-49
	android:launchMode
		ADDED from src\main\AndroidManifest.xml:58:13-44
	android:windowSoftInputMode
		ADDED from src\main\AndroidManifest.xml:60:13-52
	android:name
		ADDED from src\main\AndroidManifest.xml:56:13-41
activity#com.example.mime.GifCamera
ADDED from src\main\AndroidManifest.xml:62:9-68:20
	android:clearTaskOnLaunch
		ADDED from src\main\AndroidManifest.xml:64:13-45
	android:screenOrientation
		ADDED from src\main\AndroidManifest.xml:66:13-49
	android:launchMode
		ADDED from src\main\AndroidManifest.xml:65:13-44
	android:windowSoftInputMode
		ADDED from src\main\AndroidManifest.xml:67:13-52
	android:name
		ADDED from src\main\AndroidManifest.xml:63:13-38
activity#com.example.mime.EditPics
ADDED from src\main\AndroidManifest.xml:69:9-75:20
	android:clearTaskOnLaunch
		ADDED from src\main\AndroidManifest.xml:71:13-45
	android:screenOrientation
		ADDED from src\main\AndroidManifest.xml:73:13-49
	android:launchMode
		ADDED from src\main\AndroidManifest.xml:72:13-44
	android:windowSoftInputMode
		ADDED from src\main\AndroidManifest.xml:74:13-52
	android:name
		ADDED from src\main\AndroidManifest.xml:70:13-37
activity#com.example.mime.EditContent
ADDED from src\main\AndroidManifest.xml:76:9-82:20
	android:clearTaskOnLaunch
		ADDED from src\main\AndroidManifest.xml:78:13-45
	android:screenOrientation
		ADDED from src\main\AndroidManifest.xml:80:13-49
	android:launchMode
		ADDED from src\main\AndroidManifest.xml:79:13-44
	android:windowSoftInputMode
		ADDED from src\main\AndroidManifest.xml:81:13-52
	android:name
		ADDED from src\main\AndroidManifest.xml:77:13-40
activity#com.example.mime.Project_info
ADDED from src\main\AndroidManifest.xml:83:9-89:20
	android:clearTaskOnLaunch
		ADDED from src\main\AndroidManifest.xml:85:13-45
	android:screenOrientation
		ADDED from src\main\AndroidManifest.xml:87:13-49
	android:launchMode
		ADDED from src\main\AndroidManifest.xml:86:13-44
	android:windowSoftInputMode
		ADDED from src\main\AndroidManifest.xml:88:13-52
	android:name
		ADDED from src\main\AndroidManifest.xml:84:13-41
uses-permission#android.permission.INTERNET
ADDED from src\main\AndroidManifest.xml:92:5-67
	android:name
		ADDED from src\main\AndroidManifest.xml:92:22-64
uses-permission#android.permission.ACCESS_NETWORK_STATE
ADDED from src\main\AndroidManifest.xml:93:5-79
	android:name
		ADDED from src\main\AndroidManifest.xml:93:22-76
uses-permission#android.permission.KILL_BACKGROUND_PROCESSES
ADDED from src\main\AndroidManifest.xml:94:5-84
	android:name
		ADDED from src\main\AndroidManifest.xml:94:22-81
uses-permission#android.permission.CAMERA
ADDED from src\main\AndroidManifest.xml:95:5-65
	android:name
		ADDED from src\main\AndroidManifest.xml:95:22-62
uses-permission#android.permission.READ_EXTERNAL_STORAGE
ADDED from src\main\AndroidManifest.xml:96:5-80
	android:name
		ADDED from src\main\AndroidManifest.xml:96:22-77
uses-permission#android.permission.WRITE_EXTERNAL_STORAGE
ADDED from src\main\AndroidManifest.xml:97:5-81
	android:name
		ADDED from src\main\AndroidManifest.xml:97:22-78
uses-feature#android.hardware.camera
ADDED from src\main\AndroidManifest.xml:98:5-60
	android:name
		ADDED from src\main\AndroidManifest.xml:98:19-57
uses-feature#android.hardware.camera.autofocus
ADDED from src\main\AndroidManifest.xml:99:5-70
	android:name
		ADDED from src\main\AndroidManifest.xml:99:19-67